<?xml version="1.0" encoding="UTF-8"?>
<testsuite name="MainTest" tests="1" skipped="1" failures="0" errors="0" timestamp="2016-05-30T21:54:19" hostname="Metropolis" time="0.0">
  <properties/>
  <testcase name="test" classname="MainTest" time="0.0">
    <skipped/>
  </testcase>
  <system-out><![CDATA[]]></system-out>
  <system-err><![CDATA[]]></system-err>
</testsuite>
